"/Applications/IntelliJ IDEA.app/Contents/jbr/Contents/Home/bin/java" -Dmaven.multiModuleProjectDirectory=/Users/anshul/IdeaProjects/27173-adv-java -Dmaven.home=/Applications/IntelliJ IDEA.app/Contents/plugins/maven/lib/maven3 -Dclassworlds.conf=/Applications/IntelliJ IDEA.app/Contents/plugins/maven/lib/maven3/bin/m2.conf -Dmaven.ext.class.path=/Applications/IntelliJ IDEA.app/Contents/plugins/maven/lib/maven-event-listener.jar -javaagent:/Applications/IntelliJ IDEA.app/Contents/lib/idea_rt.jar=62922:/Applications/IntelliJ IDEA.app/Contents/bin -Dfile.encoding=UTF-8 -classpath /Applications/IntelliJ IDEA.app/Contents/plugins/maven/lib/maven3/boot/plexus-classworlds.license:/Applications/IntelliJ IDEA.app/Contents/plugins/maven/lib/maven3/boot/plexus-classworlds-2.6.0.jar org.codehaus.classworlds.Launcher -Didea.version=2021.2.4 install
[INFO] Scanning for projects...
[INFO]
[INFO] ---------------------< org.example:27173-adv-java >---------------------
[INFO] Building 27173-adv-java 1.0-SNAPSHOT
[INFO] --------------------------------[ jar ]---------------------------------
[INFO]
[INFO] --- maven-resources-plugin:2.6:resources (default-resources) @ 27173-adv-java ---
[WARNING] Using platform encoding (UTF-8 actually) to copy filtered resources, i.e. build is platform dependent!
[INFO] Copying 0 resource
[INFO]
[INFO] --- maven-compiler-plugin:3.1:compile (default-compile) @ 27173-adv-java ---
[INFO] Nothing to compile - all classes are up to date
[INFO]
[INFO] --- maven-resources-plugin:2.6:testResources (default-testResources) @ 27173-adv-java ---
[WARNING] Using platform encoding (UTF-8 actually) to copy filtered resources, i.e. build is platform dependent!
[INFO] Copying 1 resource
[INFO]
[INFO] --- maven-compiler-plugin:3.1:testCompile (default-testCompile) @ 27173-adv-java ---
[INFO] Nothing to compile - all classes are up to date
[INFO]
[INFO] --- maven-surefire-plugin:2.12.4:test (default-test) @ 27173-adv-java ---
[INFO] Surefire report directory: /Users/anshul/IdeaProjects/27173-adv-java/target/surefire-reports

-------------------------------------------------------
 T E S T S
-------------------------------------------------------

Results :

Tests run: 0, Failures: 0, Errors: 0, Skipped: 0

[INFO]
[INFO] --- maven-jar-plugin:2.4:jar (default-jar) @ 27173-adv-java ---
[INFO] Building jar: /Users/anshul/IdeaProjects/27173-adv-java/target/27173-adv-java-1.0-SNAPSHOT.jar
[INFO]
[INFO] --- maven-install-plugin:2.4:install (default-install) @ 27173-adv-java ---
[INFO] Installing /Users/anshul/IdeaProjects/27173-adv-java/target/27173-adv-java-1.0-SNAPSHOT.jar to /Users/anshul/.m2/repository/org/example/27173-adv-java/1.0-SNAPSHOT/27173-adv-java-1.0-SNAPSHOT.jar
[INFO] Installing /Users/anshul/IdeaProjects/27173-adv-java/pom.xml to /Users/anshul/.m2/repository/org/example/27173-adv-java/1.0-SNAPSHOT/27173-adv-java-1.0-SNAPSHOT.pom
[INFO] ------------------------------------------------------------------------
[INFO] BUILD SUCCESS
[INFO] ------------------------------------------------------------------------
[INFO] Total time:  0.898 s
[INFO] Finished at: 2022-06-13T12:01:59+02:00
[INFO] ------------------------------------------------------------------------

Process finished with exit code 0